[15/01/2015 | 06:12:10] lobby was set by darkbrewery
[15/01/2015 | 20:30:49] darkbrewery reloaded the Parkour config
[20/01/2015 | 01:49:43] Stone created by SiLeNT_F1NISH
[20/01/2015 | 02:05:15] darkbrewery recieved the kit
[20/01/2015 | 02:18:31] Stone was deleted by SiLeNT_F1NISH
[20/01/2015 | 02:18:47] WetLand created by SiLeNT_F1NISH
[20/01/2015 | 02:32:05] SiLeNT_F1NISH recieved the kit
[20/01/2015 | 02:33:38] WetLand was deleted by SiLeNT_F1NISH
[20/01/2015 | 02:34:29] darkbrewery reloaded the Parkour config
[20/01/2015 | 02:35:07] darkbrewery recieved the kit
[20/01/2015 | 02:35:08] SiLeNT_F1NISH recieved the kit
[20/01/2015 | 02:35:39] SiLeNT_F1NISH recieved the kit
[20/01/2015 | 02:37:11] Parkour1 created by SiLeNT_F1NISH
[20/01/2015 | 02:38:19] Parkour1 was deleted by SiLeNT_F1NISH
[20/01/2015 | 02:38:27] Parkour1 created by SiLeNT_F1NISH
[20/01/2015 | 02:39:43] darkbrewery reloaded the Parkour config
[20/01/2015 | 02:42:04] Parkour1 was set to finished by SiLeNT_F1NISH
[20/01/2015 | 02:44:11] Parkour1 was deleted by SiLeNT_F1NISH
[20/01/2015 | 02:45:03] Parkour1 created by SiLeNT_F1NISH
[20/01/2015 | 02:46:22] Parkour1 was deleted by SiLeNT_F1NISH
[20/01/2015 | 02:46:36] Parkour1 created by SiLeNT_F1NISH
[20/01/2015 | 02:47:25] Parkour1 was set to finished by SiLeNT_F1NISH
[20/01/2015 | 02:51:05] lobby was set by SiLeNT_F1NISH
[20/01/2015 | 02:52:12] darkbrewery reloaded the Parkour config
[20/01/2015 | 02:52:18] darkbrewery recieved the kit
[20/01/2015 | 02:54:37] darkbrewery reloaded the Parkour config
[20/01/2015 | 02:54:46] darkbrewery recieved the kit
[20/01/2015 | 03:02:32] Parkour1 was deleted by SiLeNT_F1NISH
[20/01/2015 | 03:03:04] Parkour1 created by SiLeNT_F1NISH
[20/01/2015 | 03:03:38] Parkour1 was set to finished by SiLeNT_F1NISH
[20/01/2015 | 03:10:22] Parkour1 was deleted by SiLeNT_F1NISH
[20/01/2015 | 03:13:16] Parkour1 created by SiLeNT_F1NISH
[20/01/2015 | 03:19:06] Parkour1 was set to finished by SiLeNT_F1NISH
[20/01/2015 | 03:24:31] Parkour1 scores were reset by SiLeNT_F1NISH
[20/01/2015 | 03:45:51] Invisible1 created by SiLeNT_F1NISH
[20/01/2015 | 03:46:03] Invisible1 was set to finished by SiLeNT_F1NISH
[22/01/2015 | 01:03:01] SiLeNT_F1NISH recieved the kit
[22/01/2015 | 01:05:30] Parkour2 created by SiLeNT_F1NISH
[22/01/2015 | 01:23:29] SiLeNT_F1NISH recieved the kit
[22/01/2015 | 04:16:11] SiLeNT_F1NISH recieved the kit
[22/01/2015 | 04:16:39] Parkour3 created by SiLeNT_F1NISH
[22/01/2015 | 04:17:27] SiLeNT_F1NISH recieved the kit
[22/01/2015 | 04:56:29] Parkour3 was set to finished by SiLeNT_F1NISH
[22/01/2015 | 04:56:34] Parkour2 was set to finished by SiLeNT_F1NISH
[27/01/2015 | 02:22:35] darkbrewery recieved the kit
[27/01/2015 | 06:30:24] darkbrewery recieved the kit
[29/01/2015 | 03:27:30] Nether1 created by SiLeNT_F1NISH
[29/01/2015 | 03:28:22] Nether1 was set to finished by SiLeNT_F1NISH
[08/02/2015 | 03:59:43] Invisible2 created by SiLeNT_F1NISH
[08/02/2015 | 03:59:51] Invisible2 was set to finished by SiLeNT_F1NISH
[08/02/2015 | 04:01:11] SiLeNT_F1NISH recieved the kit
[08/02/2015 | 04:03:29] Invisible2 scores were reset by SiLeNT_F1NISH
[08/02/2015 | 17:35:00] SiLeNT_F1NISH recieved the kit
[08/02/2015 | 17:37:45] Ice_COld created by SiLeNT_F1NISH
[08/02/2015 | 17:37:53] Ice_COld was deleted by SiLeNT_F1NISH
[08/02/2015 | 17:38:09] Ice_Cold created by SiLeNT_F1NISH
[08/02/2015 | 17:40:59] Ice_Cold was set to finished by SiLeNT_F1NISH
[08/02/2015 | 17:43:30] SiLeNT_F1NISH recieved the kit
[08/02/2015 | 19:24:18] Desert_Parkour created by SiLeNT_F1NISH
[08/02/2015 | 21:05:43] SiLeNT_F1NISH recieved the kit
[08/02/2015 | 22:26:55] Doors created by SiLeNT_F1NISH
[08/02/2015 | 22:27:02] Doors was set to finished by SiLeNT_F1NISH
[10/02/2015 | 00:50:57] Doors scores were reset by SiLeNT_F1NISH
[10/02/2015 | 01:01:36] SiLeNT_F1NISH recieved the kit
[10/02/2015 | 01:02:56] SiLeNT_F1NISH recieved the kit
[10/02/2015 | 01:03:05] Doors was deleted by SiLeNT_F1NISH
[10/02/2015 | 01:03:15] Doors created by SiLeNT_F1NISH
[10/02/2015 | 01:03:42] SiLeNT_F1NISH recieved the kit
[10/02/2015 | 01:04:28] SiLeNT_F1NISH recieved the kit
[10/02/2015 | 01:05:06] SiLeNT_F1NISH recieved the kit
[10/02/2015 | 01:07:39] Doors was set to finished by SiLeNT_F1NISH
[10/02/2015 | 13:52:36] Desert_Parkour was set to finished by SiLeNT_F1NISH
